No files changed, compilation skipped
Script ran successfully.
Gas used: 4763972

== Logs ==
  Deployed eBTCManager 0x0F3BfC0Ddf2901EE5f9E522d2F236d4b9b6d2AC4
  Deployed BaseChainCoordinator 0xbA7C8D4AF95687D6AC14EC61ADa5096eD00a946f
  Deployed eBTC and created proxy 0xCe4CDfB9876adE075843Ec0951667fe016CEC00e
  Set minter role for eBTCManager
  Set eBTC address in eBTCManager
  Set peer in BaseChainCoordinator

## Setting up 1 EVM.

==========================

Chain 1115

Estimated gas price: 100 gwei

Estimated total gas used for script: 6358282

Estimated amount required: 0.6358282 ETH

==========================


==========================

ONCHAIN EXECUTION COMPLETE & SUCCESSFUL.

Transactions saved to: /Users/ayushgupta/Downloads/0xBridge/smart-layer/broadcast/BaseChainDeployment.s.sol/1115/run-latest.json

Sensitive values saved to: /Users/ayushgupta/Downloads/0xBridge/smart-layer/cache/BaseChainDeployment.s.sol/1115/run-latest.json

