Compiling 1 files with Solc 0.8.20
Solc 0.8.20 finished in 34.08s
Compiler run successful with warnings:
Warning (5667): Unused function parameter. Remove or comment out the variable name to silence this warning.
   --> src/HomeChainCoordinator.sol:137:9:
    |
137 |         bytes32 _merkleRoot,
    |         ^^^^^^^^^^^^^^^^^^^

Warning (5667): Unused function parameter. Remove or comment out the variable name to silence this warning.
   --> src/HomeChainCoordinator.sol:139:9:
    |
139 |         bytes32[] calldata _proof,
    |         ^^^^^^^^^^^^^^^^^^^^^^^^^

Warning (5667): Unused function parameter. Remove or comment out the variable name to silence this warning.
   --> src/HomeChainCoordinator.sol:140:9:
    |
140 |         uint256 _index,
    |         ^^^^^^^^^^^^^^

Warning (2072): Unused local variable.
  --> src/BaseChainCoordinator.sol:82:66:
   |
82 |         (address user, bytes32 btcTxnHash, uint256 lockedAmount, uint256 nativeTokenAmount) =
   |                                                                  ^^^^^^^^^^^^^^^^^^^^^^^^^

Script ran successfully.
Gas used: 12034995

== Logs ==
  Deployed eBTCManager 0x7Bc011c17003CC191caF1A3feCC805935285A211
  Deployed BaseChainCoordinator 0x9C643846823Cf2a230B9f08fBdc0802fb087a21C
  Deployed eBTC and created proxy 0xE0beb340d6a7E10fFf0b56E1EABbF423F4F34A27
  Set minter role for eBTCManager
  Set eBTC address in eBTCManager
  0x0000000000000000000000009c643846823cf2a230b9f08fbdc0802fb087a21c
  Deployed BitcoinLightClient and created proxy 0x55B6D0B443e2Bdd103BB663652A092C0F6E347B2
  Deployed HomeChainCoordinator 0xEE35AB43127933562c65A7942cbf1ccAac4BE86F
  Set peer in HomeChainCoordinator
  Transferred ownership of HomeChainCoordinator
  Set peer in BaseChainCoordinator

## Setting up 2 EVMs.

==========================

Chain 80002

Estimated gas price: 37.50000003 gwei

Estimated total gas used for script: 9883087

Estimated amount required: 0.37061576279649261 ETH

==========================

==========================

Chain 97

Estimated gas price: 1 gwei

Estimated total gas used for script: 6358314

Estimated amount required: 0.006358314 ETH

==========================


==========================

ONCHAIN EXECUTION COMPLETE & SUCCESSFUL.

Transactions saved to: /Users/ayushgupta/Downloads/0xBridge/smart-layer/broadcast/multi/BaseChainDeployment.s.sol-latest/run.json

Sensitive details saved to: /Users/ayushgupta/Downloads/0xBridge/smart-layer/cache/multi/BaseChainDeployment.s.sol-latest/run.json

