Compiling 103 files with Solc 0.8.20
Solc 0.8.20 finished in 33.58s
Compiler run successful with warnings:
Warning (5667): Unused function parameter. Remove or comment out the variable name to silence this warning.
   --> src/HomeChainCoordinator.sol:137:9:
    |
137 |         bytes32 _merkleRoot,
    |         ^^^^^^^^^^^^^^^^^^^

Warning (5667): Unused function parameter. Remove or comment out the variable name to silence this warning.
   --> src/HomeChainCoordinator.sol:139:9:
    |
139 |         bytes32[] calldata _proof,
    |         ^^^^^^^^^^^^^^^^^^^^^^^^^

Warning (5667): Unused function parameter. Remove or comment out the variable name to silence this warning.
   --> src/HomeChainCoordinator.sol:140:9:
    |
140 |         uint256 _index,
    |         ^^^^^^^^^^^^^^

Warning (2072): Unused local variable.
  --> src/BaseChainCoordinator.sol:82:66:
   |
82 |         (address user, bytes32 btcTxnHash, uint256 lockedAmount, uint256 nativeTokenAmount) =
   |                                                                  ^^^^^^^^^^^^^^^^^^^^^^^^^

Script ran successfully.
Gas used: 10826622

== Logs ==
  Deployed eBTCManager 0xe0F6c559f2150bBD956F89439b4C7Bf7D8f1e78F
  Deployed BaseChainCoordinator 0x7D0D0b457ef781798061B86545433aEBf7D46e6A
  Deployed eBTC and created proxy 0x4BC1e6545c8964357386b835a03dbb0B1551433c
  Set minter role for eBTCManager
  Set eBTC address in eBTCManager
  0x0000000000000000000000007d0d0b457ef781798061b86545433aebf7d46e6a
  Deployed BitcoinLightClient and created proxy 0x8Ce121c3C36D403893148eb30e6472B5DA411242
  Deployed HomeChainCoordinator 0xFd0e3af7503F07b06a69d5a35C4dc21501b9315f
  Set peer in HomeChainCoordinator
  Transferred ownership of HomeChainCoordinator
  Set peer in BaseChainCoordinator

## Setting up 2 EVMs.

==========================

Chain 80002

Estimated gas price: 36.238958361 gwei

Estimated total gas used for script: 8194732

Estimated amount required: 0.296968551727554252 ETH

==========================

==========================

Chain 1115

Estimated gas price: 100 gwei

Estimated total gas used for script: 6358314

Estimated amount required: 0.6358314 ETH

==========================


==========================

ONCHAIN EXECUTION COMPLETE & SUCCESSFUL.

Transactions saved to: /Users/ayushgupta/Downloads/0xBridge/smart-layer/broadcast/multi/BaseChainDeployment.s.sol-latest/run.json

Sensitive details saved to: /Users/ayushgupta/Downloads/0xBridge/smart-layer/cache/multi/BaseChainDeployment.s.sol-latest/run.json

