No files changed, compilation skipped
Script ran successfully.
Gas used: 4984000

== Logs ==
  Deployed eBTCManager 0x8e0Bb46F94D8B1962146BA32E4f0CaF3e7b529ab
  Deployed BaseChainCoordinator 0x2908ba527aE590F9C7c5fCcDaC47598E28179Cf4
  Deployed eBTC and created proxy 0x53075085B312E334a9f8cCEdd4823aeaA9C454e0
  Set minter role for eBTCManager
  Set eBTC address in eBTCManager
  0x0000000000000000000000002908ba527ae590f9c7c5fccdac47598e28179cf4

## Setting up 1 EVM.

==========================

Chain 1114

Estimated gas price: 35 gwei

Estimated total gas used for script: 6241210

Estimated amount required: 0.21844235 ETH

==========================


==========================

ONCHAIN EXECUTION COMPLETE & SUCCESSFUL.

Transactions saved to: /Users/ayushgupta/Downloads/0xBridge/smart-layer/broadcast/BaseChainDeployment.s.sol/1114/run-latest.json

Sensitive values saved to: /Users/ayushgupta/Downloads/0xBridge/smart-layer/cache/BaseChainDeployment.s.sol/1114/run-latest.json

