Compiling 1 files with Solc 0.8.20
Solc 0.8.20 finished in 32.26s
Compiler run successful with warnings:
Warning (5667): Unused function parameter. Remove or comment out the variable name to silence this warning.
  --> lib/devtools/packages/oapp-evm/contracts/oapp/OAppCore.sol:26:36:
   |
26 |     constructor(address _endpoint, address _delegate) {
   |                                    ^^^^^^^^^^^^^^^^^

Warning (5667): Unused function parameter. Remove or comment out the variable name to silence this warning.
   --> src/HomeChainCoordinator.sol:204:9:
    |
204 |         bytes32 _merkleRoot,
    |         ^^^^^^^^^^^^^^^^^^^

Warning (5667): Unused function parameter. Remove or comment out the variable name to silence this warning.
   --> src/HomeChainCoordinator.sol:206:9:
    |
206 |         bytes32[] calldata _proof,
    |         ^^^^^^^^^^^^^^^^^^^^^^^^^

Warning (5667): Unused function parameter. Remove or comment out the variable name to silence this warning.
   --> src/HomeChainCoordinator.sol:207:9:
    |
207 |         uint256 _index,
    |         ^^^^^^^^^^^^^^

Warning (2072): Unused local variable.
  --> src/BaseChainCoordinator.sol:96:66:
   |
96 |         (address user, bytes32 btcTxnHash, uint256 lockedAmount, uint256 nativeTokenAmount) =
   |                                                                  ^^^^^^^^^^^^^^^^^^^^^^^^^

Script ran successfully.
Gas used: 7666341

== Logs ==
  0x0000000000000000000000002908ba527ae590f9c7c5fccdac47598e28179cf4
  Deployed BitcoinLightClient and created proxy 0x3b87df5Cf2ee111027E3863Acb2AA1897eAbe6b2
  Deployed HomeChainCoordinator 0xb39Bd261808D5BB5B25B5f7168F838b58c805732
  Set peer in HomeChainCoordinator
  Transferred ownership of HomeChainCoordinator
  Deployed AVSExtension 0x6D54d264A4fbC6CFD30507C20E616c9A015e0bF8

## Setting up 1 EVM.

==========================

Chain 1114

Estimated gas price: 35 gwei

Estimated total gas used for script: 10028737

Estimated amount required: 0.351005795 ETH

==========================


==========================

ONCHAIN EXECUTION COMPLETE & SUCCESSFUL.

Transactions saved to: /Users/ayushgupta/Downloads/0xBridge/smart-layer/broadcast/BaseChainDeployment.s.sol/1114/run-latest.json

Sensitive values saved to: /Users/ayushgupta/Downloads/0xBridge/smart-layer/cache/BaseChainDeployment.s.sol/1114/run-latest.json

