Compiling 1 files with Solc 0.8.20
Solc 0.8.20 finished in 32.31s
Compiler run successful with warnings:
Warning (5667): Unused function parameter. Remove or comment out the variable name to silence this warning.
   --> src/HomeChainCoordinator.sol:137:9:
    |
137 |         bytes32 _merkleRoot,
    |         ^^^^^^^^^^^^^^^^^^^

Warning (5667): Unused function parameter. Remove or comment out the variable name to silence this warning.
   --> src/HomeChainCoordinator.sol:139:9:
    |
139 |         bytes32[] calldata _proof,
    |         ^^^^^^^^^^^^^^^^^^^^^^^^^

Warning (5667): Unused function parameter. Remove or comment out the variable name to silence this warning.
   --> src/HomeChainCoordinator.sol:140:9:
    |
140 |         uint256 _index,
    |         ^^^^^^^^^^^^^^

Warning (2072): Unused local variable.
  --> src/BaseChainCoordinator.sol:82:66:
   |
82 |         (address user, bytes32 btcTxnHash, uint256 lockedAmount, uint256 nativeTokenAmount) =
   |                                                                  ^^^^^^^^^^^^^^^^^^^^^^^^^

Script ran successfully.
Gas used: 10826908

== Logs ==
  Deployed eBTCManager 0x5afc48B40a60CC10E7DeB67079Bab10D7E12877b
  Deployed BaseChainCoordinator 0x7Ad135dC73bf483E74869e61B51442B54D498ab4
  Deployed eBTC and created proxy 0x187380C0815a529F29111c198fD74432603391C0
  Set minter role for eBTCManager
  Set eBTC address in eBTCManager
  0x0000000000000000000000007ad135dc73bf483e74869e61b51442b54d498ab4
  Deployed BitcoinLightClient and created proxy 0xE479e1F71dF74E24840EEbe1C09935F876Ef1dFB
  Deployed HomeChainCoordinator 0x680d7Da9f1D5F1AeAd9d87DEe09b21f9881f897E
  Set peer in HomeChainCoordinator
  Transferred ownership of HomeChainCoordinator
  Set peer in BaseChainCoordinator

## Setting up 2 EVMs.

==========================

Chain 80002

Estimated gas price: 37.50000003 gwei

Estimated total gas used for script: 8194717

Estimated amount required: 0.30730188774584151 ETH

==========================

==========================

Chain 97

Estimated gas price: 3 gwei

Estimated total gas used for script: 6358298

Estimated amount required: 0.019074894 ETH

==========================


==========================

ONCHAIN EXECUTION COMPLETE & SUCCESSFUL.

Transactions saved to: /Users/ayushgupta/Downloads/0xBridge/smart-layer/broadcast/multi/BaseChainDeployment.s.sol-latest/run.json

Sensitive details saved to: /Users/ayushgupta/Downloads/0xBridge/smart-layer/cache/multi/BaseChainDeployment.s.sol-latest/run.json

