Compiling 5 files with Solc 0.8.28
Solc 0.8.28 finished in 7.97s
Compiler run successful with warnings:
Warning (5667): Unused function parameter. Remove or comment out the variable name to silence this warning.
   --> src/HomeChainCoordinator.sol:137:9:
    |
137 |         bytes32 _merkleRoot,
    |         ^^^^^^^^^^^^^^^^^^^

Warning (5667): Unused function parameter. Remove or comment out the variable name to silence this warning.
   --> src/HomeChainCoordinator.sol:139:9:
    |
139 |         bytes32[] calldata _proof,
    |         ^^^^^^^^^^^^^^^^^^^^^^^^^

Warning (5667): Unused function parameter. Remove or comment out the variable name to silence this warning.
   --> src/HomeChainCoordinator.sol:140:9:
    |
140 |         uint256 _index,
    |         ^^^^^^^^^^^^^^

Warning (2072): Unused local variable.
  --> src/BaseChainCoordinator.sol:82:66:
   |
82 |         (address user, bytes32 btcTxnHash, uint256 lockedAmount, uint256 nativeTokenAmount) =
   |                                                                  ^^^^^^^^^^^^^^^^^^^^^^^^^

Script ran successfully.
Gas used: 10310200

== Logs ==
  Deployed eBTCManager 0x8B3E1b9364B840E87b09ad12a4776690265dBc24
  Deployed BaseChainCoordinator 0xfE27cC48d26ff921bB533C8D0699Ac30308dDd26
  Deployed eBTC and created proxy 0x4356d8B1B91eAA3990D020d22b5aB2a92A7B77eA
  Set minter role for eBTCManager
  Set eBTC address in eBTCManager
  0x000000000000000000000000fe27cc48d26ff921bb533c8d0699ac30308ddd26
  Deployed BitcoinLightClient and created proxy 0xF31C62518bCe967b92D0f77e85fe1E8E5931Dcd4
  Deployed HomeChainCoordinator 0x4BC1e6545c8964357386b835a03dbb0B1551433c
  Set peer in HomeChainCoordinator
  Transferred ownership of HomeChainCoordinator
  Set peer in BaseChainCoordinator

## Setting up 2 EVMs.

==========================

Chain 97

Estimated gas price: 1 gwei

Estimated total gas used for script: 6008698

Estimated amount required: 0.006008698 ETH

==========================

==========================

Chain 17000

Estimated gas price: 0.003770496 gwei

Estimated total gas used for script: 7881484

Estimated amount required: 0.000029717103896064 ETH

==========================


==========================

ONCHAIN EXECUTION COMPLETE & SUCCESSFUL.

Transactions saved to: /Users/ayushgupta/Downloads/0xBridge/smart-layer/broadcast/multi/BaseChainDeployment.s.sol-latest/run.json

Sensitive details saved to: /Users/ayushgupta/Downloads/0xBridge/smart-layer/cache/multi/BaseChainDeployment.s.sol-latest/run.json

