Compiling 1 files with Solc 0.8.20
Solc 0.8.20 finished in 15.79s
Compiler run successful with warnings:
Warning (5667): Unused function parameter. Remove or comment out the variable name to silence this warning.
   --> src/HomeChainCoordinator.sol:137:9:
    |
137 |         bytes32 _merkleRoot,
    |         ^^^^^^^^^^^^^^^^^^^

Warning (5667): Unused function parameter. Remove or comment out the variable name to silence this warning.
   --> src/HomeChainCoordinator.sol:139:9:
    |
139 |         bytes32[] calldata _proof,
    |         ^^^^^^^^^^^^^^^^^^^^^^^^^

Warning (5667): Unused function parameter. Remove or comment out the variable name to silence this warning.
   --> src/HomeChainCoordinator.sol:140:9:
    |
140 |         uint256 _index,
    |         ^^^^^^^^^^^^^^

Warning (2072): Unused local variable.
  --> src/BaseChainCoordinator.sol:82:66:
   |
82 |         (address user, bytes32 btcTxnHash, uint256 lockedAmount, uint256 nativeTokenAmount) =
   |                                                                  ^^^^^^^^^^^^^^^^^^^^^^^^^

Warning (2072): Unused local variable.
  --> script/SupportNewNetwork.s.sol:22:9:
   |
22 |         uint256 destForkId = vm.createSelectFork(destRpcUrl);
   |         ^^^^^^^^^^^^^^^^^^

Warning (2072): Unused local variable.
  --> script/SupportNewNetwork.s.sol:36:9:
   |
36 |         uint256 srcForkId = vm.createSelectFork(srcRpcUrl);
   |         ^^^^^^^^^^^^^^^^^

Script ran successfully.
Gas used: 121145

== Logs ==
  BaseChainCoordinator 0xbA7C8D4AF95687D6AC14EC61ADa5096eD00a946f
  HomeChainCoordinator 0xEE35AB43127933562c65A7942cbf1ccAac4BE86F

## Setting up 2 EVMs.

==========================

Chain 80002

Estimated gas price: 31.625000015 gwei

Estimated total gas used for script: 65933

Estimated amount required: 0.002085131125988995 ETH

==========================

==========================

Chain 1115

Estimated gas price: 200 gwei

Estimated total gas used for script: 65899

Estimated amount required: 0.0131798 ETH

==========================


==========================

ONCHAIN EXECUTION COMPLETE & SUCCESSFUL.

Transactions saved to: /Users/ayushgupta/Downloads/0xBridge/smart-layer/broadcast/multi/SupportNewNetwork.s.sol-latest/run.json

Sensitive details saved to: /Users/ayushgupta/Downloads/0xBridge/smart-layer/cache/multi/SupportNewNetwork.s.sol-latest/run.json

